-------------------------------------------------------------------------------
Test set: ArtnStock.stock.TestAppRunner
-------------------------------------------------------------------------------
Tests run: 1, Failures: 0, Errors: 1, Skipped: 0, Time elapsed: 1.706 s <<< FAILURE! -- in ArtnStock.stock.TestAppRunner
User Login and Navigate to Photo Section.User logs in and navigates to photo section -- Time elapsed: 0.332 s <<< ERROR!
io.cucumber.junit.UndefinedStepException: 
The step 'User is on the Artnstock website' and 5 other step(s) are undefined.
You can implement these steps using the snippet(s) below:

@Given("User is on the Artnstock website")
public void user_is_on_the_artnstock_website() {
    // Write code here that turns the phrase above into concrete actions
    throw new io.cucumber.java.PendingException();
}
@When("User clicks on the photo section")
public void user_clicks_on_the_photo_section() {
    // Write code here that turns the phrase above into concrete actions
    throw new io.cucumber.java.PendingException();
}
@Then("User is redirected to the login page")
public void user_is_redirected_to_the_login_page() {
    // Write code here that turns the phrase above into concrete actions
    throw new io.cucumber.java.PendingException();
}
@When("User logs in with username {string} and password {string}")
public void user_logs_in_with_username_and_password(String string, String string2) {
    // Write code here that turns the phrase above into concrete actions
    throw new io.cucumber.java.PendingException();
}
@Then("User should be successfully logged in")
public void user_should_be_successfully_logged_in() {
    // Write code here that turns the phrase above into concrete actions
    throw new io.cucumber.java.PendingException();
}
@Then("User should be on the photo section page")
public void user_should_be_on_the_photo_section_page() {
    // Write code here that turns the phrase above into concrete actions
    throw new io.cucumber.java.PendingException();
}


